2024-03-28 13:39:38.142 INFO: MACE version: 0.2.0
2024-03-28 13:39:38.142 INFO: Configuration: Namespace(name='MoWSSe_MACE_201', seed=123, log_dir='logs', model_dir='.', checkpoints_dir='checkpoints', results_dir='results', downloads_dir='downloads', device='cuda', default_dtype='float64', log_level='INFO', error_table='PerAtomRMSE', model='MACE', r_max=5.0, radial_type='bessel', num_radial_basis=8, num_cutoff_basis=5, interaction='RealAgnosticResidualInteractionBlock', interaction_first='RealAgnosticResidualInteractionBlock', max_ell=3, correlation=3, num_interactions=2, MLP_irreps='64x0e', radial_MLP='[64, 64, 64]', hidden_irreps='128x0e + 128x1o', num_channels=None, max_L=None, gate='silu', scaling='rms_forces_scaling', avg_num_neighbors=1, compute_avg_num_neighbors=True, compute_stress=False, compute_forces=True, train_file='MoWSSe_allxyT.xyz', valid_file=None, valid_fraction=0.05, test_file='MoWSSe_allxyT_test.xyz', E0s=None, energy_key='energy', forces_key='forces', virials_key='virials', stress_key='stress', dipole_key='dipole', charges_key='charges', loss='stress', forces_weight=100.0, swa_forces_weight=100.0, energy_weight=1.0, swa_energy_weight=1000.0, virials_weight=1.0, swa_virials_weight=10.0, stress_weight=1.0, swa_stress_weight=10.0, dipole_weight=1.0, swa_dipole_weight=1.0, config_type_weights='{"Default":1.0}', huber_delta=0.01, optimizer='adam', batch_size=10, valid_batch_size=10, lr=0.01, swa_lr=0.001, weight_decay=5e-07, amsgrad=True, scheduler='ReduceLROnPlateau', lr_factor=0.8, scheduler_patience=50, lr_scheduler_gamma=0.9993, swa=False, start_swa=None, ema=True, ema_decay=0.99, max_num_epochs=500, patience=2048, eval_interval=2, keep_checkpoints=False, restart_latest=True, save_cpu=False, clip_grad=10.0, wandb=False, wandb_project='', wandb_entity='', wandb_name='', wandb_log_hypers=['num_channels', 'max_L', 'correlation', 'lr', 'swa_lr', 'weight_decay', 'batch_size', 'max_num_epochs', 'start_swa', 'energy_weight', 'forces_weight'])
2024-03-28 13:39:38.275 INFO: CUDA version: 11.7, CUDA device: 0
2024-03-28 13:39:39.610 INFO: Using isolated atom energies from training file
2024-03-28 13:39:39.683 INFO: Loaded 1470 training configurations from 'MoWSSe_allxyT.xyz'
2024-03-28 13:39:39.683 INFO: Using random 5.0% of training set for validation
2024-03-28 13:39:40.880 INFO: Loaded 1470 test configurations from 'MoWSSe_allxyT_test.xyz'
2024-03-28 13:39:40.880 INFO: Total number of configurations: train=1397, valid=73, tests=[Default: 1470]
2024-03-28 13:39:40.908 INFO: AtomicNumberTable: (16, 34, 42, 74)
2024-03-28 13:39:40.909 INFO: Atomic energies: [-326.79456622411425, -594.19123488662, -1890.2365703849675, -2161.022920182474]
2024-03-28 13:39:42.358 INFO: WeightedEnergyForcesStressLoss(energy_weight=1.000, forces_weight=100.000, stress_weight=1.000)
2024-03-28 13:39:42.769 INFO: Average number of neighbors: 18.73168132160938
2024-03-28 13:39:42.770 INFO: Selected the following outputs: {'energy': True, 'forces': True, 'virials': True, 'stress': True, 'dipoles': False}
2024-03-28 13:39:42.770 INFO: Building model
2024-03-28 13:39:42.770 INFO: Hidden irreps: 128x0e + 128x1o
2024-03-28 13:40:04.562 WARNING: Cannot find checkpoint with tag 'MoWSSe_MACE_201_run-123' in 'checkpoints'
2024-03-28 13:40:04.581 INFO: ScaleShiftMACE(
  (node_embedding): LinearNodeEmbeddingBlock(
    (linear): Linear(4x0e -> 128x0e | 512 weights)
  )
  (radial_embedding): RadialEmbeddingBlock(
    (bessel_fn): BesselBasis(r_max=5.0, num_basis=8, trainable=False)
    (cutoff_fn): PolynomialCutoff(p=5.0, r_max=5.0)
  )
  (spherical_harmonics): SphericalHarmonics()
  (atomic_energies_fn): AtomicEnergiesBlock(energies=[-326.7946, -594.1912, -1890.2366, -2161.0229])
  (interactions): ModuleList(
    (0): RealAgnosticInteractionBlock(
      (linear_up): Linear(128x0e -> 128x0e | 16384 weights)
      (conv_tp): TensorProduct(128x0e x 1x0e+1x1o+1x2e+1x3o -> 128x0e+128x1o+128x2e+128x3o | 512 paths | 512 weights)
      (conv_tp_weights): FullyConnectedNet[8, 64, 64, 64, 512]
      (linear): Linear(128x0e+128x1o+128x2e+128x3o -> 128x0e+128x1o+128x2e+128x3o | 65536 weights)
      (skip_tp): FullyConnectedTensorProduct(128x0e+128x1o+128x2e+128x3o x 4x0e -> 128x0e+128x1o+128x2e+128x3o | 262144 paths | 262144 weights)
      (reshape): reshape_irreps()
    )
    (1): RealAgnosticResidualInteractionBlock(
      (linear_up): Linear(128x0e+128x1o -> 128x0e+128x1o | 32768 weights)
      (conv_tp): TensorProduct(128x0e+128x1o x 1x0e+1x1o+1x2e+1x3o -> 256x0e+384x1o+384x2e+256x3o | 1280 paths | 1280 weights)
      (conv_tp_weights): FullyConnectedNet[8, 64, 64, 64, 1280]
      (linear): Linear(256x0e+384x1o+384x2e+256x3o -> 128x0e+128x1o+128x2e+128x3o | 163840 weights)
      (skip_tp): FullyConnectedTensorProduct(128x0e+128x1o x 4x0e -> 128x0e | 65536 paths | 65536 weights)
      (reshape): reshape_irreps()
    )
  )
  (products): ModuleList(
    (0): EquivariantProductBasisBlock(
      (symmetric_contractions): SymmetricContraction(
        (contractions): ModuleList(
          (0): Contraction(
            (contractions_weighting): ModuleList(
              (0-1): 2 x GraphModule()
            )
            (contractions_features): ModuleList(
              (0-1): 2 x GraphModule()
            )
            (weights): ParameterList(
                (0): Parameter containing: [torch.float64 of size 4x4x128 (GPU 0)]
                (1): Parameter containing: [torch.float64 of size 4x1x128 (GPU 0)]
            )
            (graph_opt_main): GraphModule()
          )
          (1): Contraction(
            (contractions_weighting): ModuleList(
              (0-1): 2 x GraphModule()
            )
            (contractions_features): ModuleList(
              (0-1): 2 x GraphModule()
            )
            (weights): ParameterList(
                (0): Parameter containing: [torch.float64 of size 4x6x128 (GPU 0)]
                (1): Parameter containing: [torch.float64 of size 4x1x128 (GPU 0)]
            )
            (graph_opt_main): GraphModule()
          )
        )
      )
      (linear): Linear(128x0e+128x1o -> 128x0e+128x1o | 32768 weights)
    )
    (1): EquivariantProductBasisBlock(
      (symmetric_contractions): SymmetricContraction(
        (contractions): ModuleList(
          (0): Contraction(
            (contractions_weighting): ModuleList(
              (0-1): 2 x GraphModule()
            )
            (contractions_features): ModuleList(
              (0-1): 2 x GraphModule()
            )
            (weights): ParameterList(
                (0): Parameter containing: [torch.float64 of size 4x4x128 (GPU 0)]
                (1): Parameter containing: [torch.float64 of size 4x1x128 (GPU 0)]
            )
            (graph_opt_main): GraphModule()
          )
        )
      )
      (linear): Linear(128x0e -> 128x0e | 16384 weights)
    )
  )
  (readouts): ModuleList(
    (0): LinearReadoutBlock(
      (linear): Linear(128x0e+128x1o -> 1x0e | 128 weights)
    )
    (1): NonLinearReadoutBlock(
      (linear_1): Linear(128x0e -> 64x0e | 8192 weights)
      (non_linearity): Activation [x] (64x0e -> 64x0e)
      (linear_2): Linear(64x0e -> 1x0e | 64 weights)
    )
  )
  (scale_shift): ScaleShiftBlock(scale=0.663630, shift=0.000000)
)
2024-03-28 13:40:04.821 INFO: Number of parameters: 854720
2024-03-28 13:40:04.821 INFO: Optimizer: Adam (
Parameter Group 0
    amsgrad: True
    betas: (0.9, 0.999)
    capturable: False
    differentiable: False
    eps: 1e-08
    foreach: None
    fused: None
    lr: 0.01
    maximize: False
    name: embedding
    weight_decay: 0.0

Parameter Group 1
    amsgrad: True
    betas: (0.9, 0.999)
    capturable: False
    differentiable: False
    eps: 1e-08
    foreach: None
    fused: None
    lr: 0.01
    maximize: False
    name: interactions_decay
    weight_decay: 5e-07

Parameter Group 2
    amsgrad: True
    betas: (0.9, 0.999)
    capturable: False
    differentiable: False
    eps: 1e-08
    foreach: None
    fused: None
    lr: 0.01
    maximize: False
    name: interactions_no_decay
    weight_decay: 0.0

Parameter Group 3
    amsgrad: True
    betas: (0.9, 0.999)
    capturable: False
    differentiable: False
    eps: 1e-08
    foreach: None
    fused: None
    lr: 0.01
    maximize: False
    name: products
    weight_decay: 5e-07

Parameter Group 4
    amsgrad: True
    betas: (0.9, 0.999)
    capturable: False
    differentiable: False
    eps: 1e-08
    foreach: None
    fused: None
    lr: 0.01
    maximize: False
    name: readouts
    weight_decay: 0.0
)
2024-03-28 13:40:04.821 INFO: Using gradient clipping with tolerance=10.000
2024-03-28 13:40:04.821 INFO: Started training
2024-03-28 13:41:02.492 INFO: Epoch 0: loss=0.6380, RMSE_E_per_atom=53.3 meV, RMSE_F=78.9 meV / A, RMSE_stress_per_atom=0.0 meV / A^3
2024-03-28 13:41:59.255 INFO: Epoch 2: loss=0.0406, RMSE_E_per_atom=5.6 meV, RMSE_F=20.1 meV / A, RMSE_stress_per_atom=0.0 meV / A^3
2024-03-28 13:42:56.082 INFO: Epoch 4: loss=0.0216, RMSE_E_per_atom=6.3 meV, RMSE_F=14.6 meV / A, RMSE_stress_per_atom=0.0 meV / A^3
2024-03-28 13:43:52.930 INFO: Epoch 6: loss=0.0152, RMSE_E_per_atom=3.9 meV, RMSE_F=12.3 meV / A, RMSE_stress_per_atom=0.0 meV / A^3
2024-03-28 13:44:49.936 INFO: Epoch 8: loss=0.0107, RMSE_E_per_atom=3.5 meV, RMSE_F=10.3 meV / A, RMSE_stress_per_atom=0.0 meV / A^3
2024-03-28 13:45:46.978 INFO: Epoch 10: loss=0.0118, RMSE_E_per_atom=4.0 meV, RMSE_F=10.8 meV / A, RMSE_stress_per_atom=0.0 meV / A^3
2024-03-28 13:46:43.917 INFO: Epoch 12: loss=0.0082, RMSE_E_per_atom=3.3 meV, RMSE_F=9.0 meV / A, RMSE_stress_per_atom=0.0 meV / A^3
2024-03-28 13:47:40.863 INFO: Epoch 14: loss=0.0067, RMSE_E_per_atom=3.1 meV, RMSE_F=8.1 meV / A, RMSE_stress_per_atom=0.0 meV / A^3
2024-03-28 13:48:37.765 INFO: Epoch 16: loss=0.0059, RMSE_E_per_atom=2.7 meV, RMSE_F=7.6 meV / A, RMSE_stress_per_atom=0.0 meV / A^3
2024-03-28 13:49:34.670 INFO: Epoch 18: loss=0.0053, RMSE_E_per_atom=2.6 meV, RMSE_F=7.2 meV / A, RMSE_stress_per_atom=0.0 meV / A^3
2024-03-28 13:50:31.590 INFO: Epoch 20: loss=0.0052, RMSE_E_per_atom=2.8 meV, RMSE_F=7.2 meV / A, RMSE_stress_per_atom=0.0 meV / A^3
2024-03-28 13:51:28.482 INFO: Epoch 22: loss=0.0049, RMSE_E_per_atom=2.6 meV, RMSE_F=7.0 meV / A, RMSE_stress_per_atom=0.0 meV / A^3
2024-03-28 13:52:25.447 INFO: Epoch 24: loss=0.0044, RMSE_E_per_atom=2.3 meV, RMSE_F=6.6 meV / A, RMSE_stress_per_atom=0.0 meV / A^3
2024-03-28 13:53:22.408 INFO: Epoch 26: loss=0.0040, RMSE_E_per_atom=2.2 meV, RMSE_F=6.3 meV / A, RMSE_stress_per_atom=0.0 meV / A^3
2024-03-28 13:54:19.290 INFO: Epoch 28: loss=0.0038, RMSE_E_per_atom=2.1 meV, RMSE_F=6.2 meV / A, RMSE_stress_per_atom=0.0 meV / A^3
2024-03-28 13:55:16.207 INFO: Epoch 30: loss=0.0036, RMSE_E_per_atom=1.9 meV, RMSE_F=6.0 meV / A, RMSE_stress_per_atom=0.0 meV / A^3
2024-03-28 13:56:13.126 INFO: Epoch 32: loss=0.0034, RMSE_E_per_atom=2.0 meV, RMSE_F=5.8 meV / A, RMSE_stress_per_atom=0.0 meV / A^3
2024-03-28 13:57:10.015 INFO: Epoch 34: loss=0.0034, RMSE_E_per_atom=2.0 meV, RMSE_F=5.8 meV / A, RMSE_stress_per_atom=0.0 meV / A^3
2024-03-28 13:58:06.885 INFO: Epoch 36: loss=0.0033, RMSE_E_per_atom=2.0 meV, RMSE_F=5.7 meV / A, RMSE_stress_per_atom=0.0 meV / A^3
2024-03-28 13:59:03.749 INFO: Epoch 38: loss=0.0031, RMSE_E_per_atom=1.9 meV, RMSE_F=5.5 meV / A, RMSE_stress_per_atom=0.0 meV / A^3
2024-03-28 14:00:00.627 INFO: Epoch 40: loss=0.0030, RMSE_E_per_atom=1.9 meV, RMSE_F=5.4 meV / A, RMSE_stress_per_atom=0.0 meV / A^3
2024-03-28 14:00:57.500 INFO: Epoch 42: loss=0.0029, RMSE_E_per_atom=1.8 meV, RMSE_F=5.3 meV / A, RMSE_stress_per_atom=0.0 meV / A^3
2024-03-28 14:01:54.377 INFO: Epoch 44: loss=0.0027, RMSE_E_per_atom=1.7 meV, RMSE_F=5.2 meV / A, RMSE_stress_per_atom=0.0 meV / A^3
2024-03-28 14:02:51.231 INFO: Epoch 46: loss=0.0026, RMSE_E_per_atom=1.7 meV, RMSE_F=5.1 meV / A, RMSE_stress_per_atom=0.0 meV / A^3
2024-03-28 14:03:48.145 INFO: Epoch 48: loss=0.0025, RMSE_E_per_atom=1.7 meV, RMSE_F=5.0 meV / A, RMSE_stress_per_atom=0.0 meV / A^3
2024-03-28 14:04:45.037 INFO: Epoch 50: loss=0.0024, RMSE_E_per_atom=1.6 meV, RMSE_F=4.9 meV / A, RMSE_stress_per_atom=0.0 meV / A^3
2024-03-28 14:05:41.888 INFO: Epoch 52: loss=0.0024, RMSE_E_per_atom=1.7 meV, RMSE_F=4.9 meV / A, RMSE_stress_per_atom=0.0 meV / A^3
2024-03-28 14:06:38.811 INFO: Epoch 54: loss=0.0023, RMSE_E_per_atom=1.6 meV, RMSE_F=4.8 meV / A, RMSE_stress_per_atom=0.0 meV / A^3
2024-03-28 14:07:35.717 INFO: Epoch 56: loss=0.0022, RMSE_E_per_atom=1.5 meV, RMSE_F=4.7 meV / A, RMSE_stress_per_atom=0.0 meV / A^3
2024-03-28 14:08:32.584 INFO: Epoch 58: loss=0.0022, RMSE_E_per_atom=1.4 meV, RMSE_F=4.6 meV / A, RMSE_stress_per_atom=0.0 meV / A^3
2024-03-28 14:09:29.479 INFO: Epoch 60: loss=0.0021, RMSE_E_per_atom=1.4 meV, RMSE_F=4.6 meV / A, RMSE_stress_per_atom=0.0 meV / A^3
2024-03-28 14:10:26.350 INFO: Epoch 62: loss=0.0020, RMSE_E_per_atom=1.4 meV, RMSE_F=4.5 meV / A, RMSE_stress_per_atom=0.0 meV / A^3
2024-03-28 14:11:23.222 INFO: Epoch 64: loss=0.0020, RMSE_E_per_atom=1.4 meV, RMSE_F=4.5 meV / A, RMSE_stress_per_atom=0.0 meV / A^3
2024-03-28 14:12:20.038 INFO: Epoch 66: loss=0.0020, RMSE_E_per_atom=1.5 meV, RMSE_F=4.4 meV / A, RMSE_stress_per_atom=0.0 meV / A^3
2024-03-28 14:13:16.854 INFO: Epoch 68: loss=0.0019, RMSE_E_per_atom=1.3 meV, RMSE_F=4.3 meV / A, RMSE_stress_per_atom=0.0 meV / A^3
2024-03-28 14:14:13.682 INFO: Epoch 70: loss=0.0019, RMSE_E_per_atom=1.3 meV, RMSE_F=4.3 meV / A, RMSE_stress_per_atom=0.0 meV / A^3
2024-03-28 14:15:10.494 INFO: Epoch 72: loss=0.0019, RMSE_E_per_atom=1.3 meV, RMSE_F=4.3 meV / A, RMSE_stress_per_atom=0.0 meV / A^3
2024-03-28 14:16:07.301 INFO: Epoch 74: loss=0.0018, RMSE_E_per_atom=1.2 meV, RMSE_F=4.2 meV / A, RMSE_stress_per_atom=0.0 meV / A^3
2024-03-28 14:17:04.132 INFO: Epoch 76: loss=0.0018, RMSE_E_per_atom=1.2 meV, RMSE_F=4.2 meV / A, RMSE_stress_per_atom=0.0 meV / A^3
2024-03-28 14:18:00.955 INFO: Epoch 78: loss=0.0017, RMSE_E_per_atom=1.2 meV, RMSE_F=4.2 meV / A, RMSE_stress_per_atom=0.0 meV / A^3
2024-03-28 14:18:57.782 INFO: Epoch 80: loss=0.0017, RMSE_E_per_atom=1.2 meV, RMSE_F=4.1 meV / A, RMSE_stress_per_atom=0.0 meV / A^3
2024-03-28 14:19:54.615 INFO: Epoch 82: loss=0.0017, RMSE_E_per_atom=1.2 meV, RMSE_F=4.1 meV / A, RMSE_stress_per_atom=0.0 meV / A^3
2024-03-28 14:20:51.486 INFO: Epoch 84: loss=0.0016, RMSE_E_per_atom=1.1 meV, RMSE_F=4.0 meV / A, RMSE_stress_per_atom=0.0 meV / A^3
2024-03-28 14:21:48.331 INFO: Epoch 86: loss=0.0016, RMSE_E_per_atom=1.1 meV, RMSE_F=4.0 meV / A, RMSE_stress_per_atom=0.0 meV / A^3
2024-03-28 14:22:45.190 INFO: Epoch 88: loss=0.0016, RMSE_E_per_atom=1.2 meV, RMSE_F=4.0 meV / A, RMSE_stress_per_atom=0.0 meV / A^3
2024-03-28 14:23:41.978 INFO: Epoch 90: loss=0.0016, RMSE_E_per_atom=1.1 meV, RMSE_F=4.0 meV / A, RMSE_stress_per_atom=0.0 meV / A^3
2024-03-28 14:24:38.847 INFO: Epoch 92: loss=0.0016, RMSE_E_per_atom=1.1 meV, RMSE_F=3.9 meV / A, RMSE_stress_per_atom=0.0 meV / A^3
2024-03-28 14:25:35.666 INFO: Epoch 94: loss=0.0016, RMSE_E_per_atom=1.3 meV, RMSE_F=4.0 meV / A, RMSE_stress_per_atom=0.0 meV / A^3
2024-03-28 14:26:32.497 INFO: Epoch 96: loss=0.0015, RMSE_E_per_atom=1.1 meV, RMSE_F=3.9 meV / A, RMSE_stress_per_atom=0.0 meV / A^3
2024-03-28 14:27:29.343 INFO: Epoch 98: loss=0.0015, RMSE_E_per_atom=1.0 meV, RMSE_F=3.9 meV / A, RMSE_stress_per_atom=0.0 meV / A^3
2024-03-28 14:28:26.197 INFO: Epoch 100: loss=0.0015, RMSE_E_per_atom=1.0 meV, RMSE_F=3.8 meV / A, RMSE_stress_per_atom=0.0 meV / A^3
2024-03-28 14:29:23.037 INFO: Epoch 102: loss=0.0015, RMSE_E_per_atom=1.0 meV, RMSE_F=3.8 meV / A, RMSE_stress_per_atom=0.0 meV / A^3
2024-03-28 14:30:19.874 INFO: Epoch 104: loss=0.0015, RMSE_E_per_atom=1.2 meV, RMSE_F=3.8 meV / A, RMSE_stress_per_atom=0.0 meV / A^3
2024-03-28 14:31:16.732 INFO: Epoch 106: loss=0.0015, RMSE_E_per_atom=1.0 meV, RMSE_F=3.8 meV / A, RMSE_stress_per_atom=0.0 meV / A^3
2024-03-28 14:32:13.737 INFO: Epoch 108: loss=0.0014, RMSE_E_per_atom=0.9 meV, RMSE_F=3.7 meV / A, RMSE_stress_per_atom=0.0 meV / A^3
2024-03-28 14:33:10.571 INFO: Epoch 110: loss=0.0015, RMSE_E_per_atom=1.3 meV, RMSE_F=3.8 meV / A, RMSE_stress_per_atom=0.0 meV / A^3
2024-03-28 14:34:07.376 INFO: Epoch 112: loss=0.0014, RMSE_E_per_atom=1.0 meV, RMSE_F=3.8 meV / A, RMSE_stress_per_atom=0.0 meV / A^3
2024-03-28 14:35:04.241 INFO: Epoch 114: loss=0.0014, RMSE_E_per_atom=1.0 meV, RMSE_F=3.7 meV / A, RMSE_stress_per_atom=0.0 meV / A^3
2024-03-28 14:36:01.259 INFO: Epoch 116: loss=0.0014, RMSE_E_per_atom=1.1 meV, RMSE_F=3.8 meV / A, RMSE_stress_per_atom=0.0 meV / A^3
2024-03-28 14:36:58.376 INFO: Epoch 118: loss=0.0014, RMSE_E_per_atom=1.0 meV, RMSE_F=3.7 meV / A, RMSE_stress_per_atom=0.0 meV / A^3
2024-03-28 14:37:55.360 INFO: Epoch 120: loss=0.0013, RMSE_E_per_atom=0.9 meV, RMSE_F=3.6 meV / A, RMSE_stress_per_atom=0.0 meV / A^3
2024-03-28 14:38:52.363 INFO: Epoch 122: loss=0.0013, RMSE_E_per_atom=0.9 meV, RMSE_F=3.6 meV / A, RMSE_stress_per_atom=0.0 meV / A^3
2024-03-28 14:39:49.354 INFO: Epoch 124: loss=0.0013, RMSE_E_per_atom=0.9 meV, RMSE_F=3.6 meV / A, RMSE_stress_per_atom=0.0 meV / A^3
2024-03-28 14:40:46.353 INFO: Epoch 126: loss=0.0013, RMSE_E_per_atom=0.9 meV, RMSE_F=3.6 meV / A, RMSE_stress_per_atom=0.0 meV / A^3
2024-03-28 14:41:43.361 INFO: Epoch 128: loss=0.0013, RMSE_E_per_atom=0.9 meV, RMSE_F=3.5 meV / A, RMSE_stress_per_atom=0.0 meV / A^3
2024-03-28 14:42:40.318 INFO: Epoch 130: loss=0.0013, RMSE_E_per_atom=0.9 meV, RMSE_F=3.5 meV / A, RMSE_stress_per_atom=0.0 meV / A^3
2024-03-28 14:43:37.280 INFO: Epoch 132: loss=0.0012, RMSE_E_per_atom=0.9 meV, RMSE_F=3.5 meV / A, RMSE_stress_per_atom=0.0 meV / A^3
2024-03-28 14:44:34.269 INFO: Epoch 134: loss=0.0012, RMSE_E_per_atom=0.9 meV, RMSE_F=3.5 meV / A, RMSE_stress_per_atom=0.0 meV / A^3
2024-03-28 14:45:31.264 INFO: Epoch 136: loss=0.0012, RMSE_E_per_atom=0.9 meV, RMSE_F=3.5 meV / A, RMSE_stress_per_atom=0.0 meV / A^3
2024-03-28 14:46:28.163 INFO: Epoch 138: loss=0.0012, RMSE_E_per_atom=1.0 meV, RMSE_F=3.5 meV / A, RMSE_stress_per_atom=0.0 meV / A^3
2024-03-28 14:47:24.970 INFO: Epoch 140: loss=0.0012, RMSE_E_per_atom=0.9 meV, RMSE_F=3.5 meV / A, RMSE_stress_per_atom=0.0 meV / A^3
2024-03-28 14:48:21.760 INFO: Epoch 142: loss=0.0012, RMSE_E_per_atom=0.9 meV, RMSE_F=3.4 meV / A, RMSE_stress_per_atom=0.0 meV / A^3
2024-03-28 14:49:18.633 INFO: Epoch 144: loss=0.0012, RMSE_E_per_atom=0.9 meV, RMSE_F=3.4 meV / A, RMSE_stress_per_atom=0.0 meV / A^3
2024-03-28 14:50:15.466 INFO: Epoch 146: loss=0.0012, RMSE_E_per_atom=0.9 meV, RMSE_F=3.4 meV / A, RMSE_stress_per_atom=0.0 meV / A^3
2024-03-28 14:51:12.265 INFO: Epoch 148: loss=0.0012, RMSE_E_per_atom=1.0 meV, RMSE_F=3.4 meV / A, RMSE_stress_per_atom=0.0 meV / A^3
2024-03-28 14:52:09.067 INFO: Epoch 150: loss=0.0012, RMSE_E_per_atom=0.8 meV, RMSE_F=3.4 meV / A, RMSE_stress_per_atom=0.0 meV / A^3
2024-03-28 14:53:06.091 INFO: Epoch 152: loss=0.0011, RMSE_E_per_atom=0.8 meV, RMSE_F=3.4 meV / A, RMSE_stress_per_atom=0.0 meV / A^3
2024-03-28 14:54:03.093 INFO: Epoch 154: loss=0.0011, RMSE_E_per_atom=0.8 meV, RMSE_F=3.3 meV / A, RMSE_stress_per_atom=0.0 meV / A^3
2024-03-28 14:55:00.102 INFO: Epoch 156: loss=0.0011, RMSE_E_per_atom=0.8 meV, RMSE_F=3.3 meV / A, RMSE_stress_per_atom=0.0 meV / A^3
2024-03-28 14:55:57.213 INFO: Epoch 158: loss=0.0011, RMSE_E_per_atom=0.9 meV, RMSE_F=3.3 meV / A, RMSE_stress_per_atom=0.0 meV / A^3
2024-03-28 14:56:54.192 INFO: Epoch 160: loss=0.0012, RMSE_E_per_atom=1.0 meV, RMSE_F=3.4 meV / A, RMSE_stress_per_atom=0.0 meV / A^3
2024-03-28 14:57:51.169 INFO: Epoch 162: loss=0.0012, RMSE_E_per_atom=0.8 meV, RMSE_F=3.4 meV / A, RMSE_stress_per_atom=0.0 meV / A^3
2024-03-28 14:58:48.102 INFO: Epoch 164: loss=0.0011, RMSE_E_per_atom=0.8 meV, RMSE_F=3.3 meV / A, RMSE_stress_per_atom=0.0 meV / A^3
2024-03-28 14:59:45.054 INFO: Epoch 166: loss=0.0011, RMSE_E_per_atom=0.8 meV, RMSE_F=3.3 meV / A, RMSE_stress_per_atom=0.0 meV / A^3
2024-03-28 15:00:42.001 INFO: Epoch 168: loss=0.0011, RMSE_E_per_atom=0.8 meV, RMSE_F=3.3 meV / A, RMSE_stress_per_atom=0.0 meV / A^3
2024-03-28 15:01:39.040 INFO: Epoch 170: loss=0.0011, RMSE_E_per_atom=0.8 meV, RMSE_F=3.3 meV / A, RMSE_stress_per_atom=0.0 meV / A^3
2024-03-28 15:02:35.916 INFO: Epoch 172: loss=0.0011, RMSE_E_per_atom=0.8 meV, RMSE_F=3.3 meV / A, RMSE_stress_per_atom=0.0 meV / A^3
2024-03-28 15:03:32.811 INFO: Epoch 174: loss=0.0011, RMSE_E_per_atom=0.8 meV, RMSE_F=3.3 meV / A, RMSE_stress_per_atom=0.0 meV / A^3
2024-03-28 15:04:29.679 INFO: Epoch 176: loss=0.0011, RMSE_E_per_atom=0.8 meV, RMSE_F=3.2 meV / A, RMSE_stress_per_atom=0.0 meV / A^3
2024-03-28 15:05:26.654 INFO: Epoch 178: loss=0.0011, RMSE_E_per_atom=0.8 meV, RMSE_F=3.2 meV / A, RMSE_stress_per_atom=0.0 meV / A^3
2024-03-28 15:06:23.592 INFO: Epoch 180: loss=0.0010, RMSE_E_per_atom=0.7 meV, RMSE_F=3.2 meV / A, RMSE_stress_per_atom=0.0 meV / A^3
2024-03-28 15:07:20.573 INFO: Epoch 182: loss=0.0011, RMSE_E_per_atom=1.0 meV, RMSE_F=3.3 meV / A, RMSE_stress_per_atom=0.0 meV / A^3
2024-03-28 15:08:17.523 INFO: Epoch 184: loss=0.0011, RMSE_E_per_atom=0.8 meV, RMSE_F=3.3 meV / A, RMSE_stress_per_atom=0.0 meV / A^3
2024-03-28 15:09:14.441 INFO: Epoch 186: loss=0.0010, RMSE_E_per_atom=0.8 meV, RMSE_F=3.2 meV / A, RMSE_stress_per_atom=0.0 meV / A^3
2024-03-28 15:10:11.378 INFO: Epoch 188: loss=0.0010, RMSE_E_per_atom=0.7 meV, RMSE_F=3.2 meV / A, RMSE_stress_per_atom=0.0 meV / A^3
2024-03-28 15:11:08.365 INFO: Epoch 190: loss=0.0011, RMSE_E_per_atom=1.0 meV, RMSE_F=3.3 meV / A, RMSE_stress_per_atom=0.0 meV / A^3
2024-03-28 15:12:05.205 INFO: Epoch 192: loss=0.0011, RMSE_E_per_atom=0.8 meV, RMSE_F=3.3 meV / A, RMSE_stress_per_atom=0.0 meV / A^3
2024-03-28 15:13:02.034 INFO: Epoch 194: loss=0.0010, RMSE_E_per_atom=0.7 meV, RMSE_F=3.2 meV / A, RMSE_stress_per_atom=0.0 meV / A^3
2024-03-28 15:13:58.880 INFO: Epoch 196: loss=0.0010, RMSE_E_per_atom=0.7 meV, RMSE_F=3.2 meV / A, RMSE_stress_per_atom=0.0 meV / A^3
2024-03-28 15:14:55.724 INFO: Epoch 198: loss=0.0010, RMSE_E_per_atom=0.7 meV, RMSE_F=3.2 meV / A, RMSE_stress_per_atom=0.0 meV / A^3
2024-03-28 15:15:52.557 INFO: Epoch 200: loss=0.0010, RMSE_E_per_atom=0.8 meV, RMSE_F=3.1 meV / A, RMSE_stress_per_atom=0.0 meV / A^3
2024-03-28 15:16:49.400 INFO: Epoch 202: loss=0.0010, RMSE_E_per_atom=0.8 meV, RMSE_F=3.1 meV / A, RMSE_stress_per_atom=0.0 meV / A^3
2024-03-28 15:17:46.274 INFO: Epoch 204: loss=0.0010, RMSE_E_per_atom=0.7 meV, RMSE_F=3.1 meV / A, RMSE_stress_per_atom=0.0 meV / A^3
2024-03-28 15:18:43.103 INFO: Epoch 206: loss=0.0011, RMSE_E_per_atom=1.1 meV, RMSE_F=3.4 meV / A, RMSE_stress_per_atom=0.0 meV / A^3
2024-03-28 15:19:39.900 INFO: Epoch 208: loss=0.0010, RMSE_E_per_atom=0.8 meV, RMSE_F=3.2 meV / A, RMSE_stress_per_atom=0.0 meV / A^3
2024-03-28 15:20:36.641 INFO: Epoch 210: loss=0.0010, RMSE_E_per_atom=0.7 meV, RMSE_F=3.1 meV / A, RMSE_stress_per_atom=0.0 meV / A^3
2024-03-28 15:21:33.456 INFO: Epoch 212: loss=0.0010, RMSE_E_per_atom=0.7 meV, RMSE_F=3.1 meV / A, RMSE_stress_per_atom=0.0 meV / A^3
2024-03-28 15:22:30.290 INFO: Epoch 214: loss=0.0010, RMSE_E_per_atom=0.7 meV, RMSE_F=3.1 meV / A, RMSE_stress_per_atom=0.0 meV / A^3
2024-03-28 15:23:27.148 INFO: Epoch 216: loss=0.0010, RMSE_E_per_atom=0.7 meV, RMSE_F=3.1 meV / A, RMSE_stress_per_atom=0.0 meV / A^3
2024-03-28 15:24:24.108 INFO: Epoch 218: loss=0.0009, RMSE_E_per_atom=0.7 meV, RMSE_F=3.1 meV / A, RMSE_stress_per_atom=0.0 meV / A^3
2024-03-28 15:25:21.120 INFO: Epoch 220: loss=0.0009, RMSE_E_per_atom=0.7 meV, RMSE_F=3.1 meV / A, RMSE_stress_per_atom=0.0 meV / A^3
2024-03-28 15:26:18.034 INFO: Epoch 222: loss=0.0009, RMSE_E_per_atom=0.7 meV, RMSE_F=3.1 meV / A, RMSE_stress_per_atom=0.0 meV / A^3
2024-03-28 15:27:14.871 INFO: Epoch 224: loss=0.0009, RMSE_E_per_atom=0.7 meV, RMSE_F=3.0 meV / A, RMSE_stress_per_atom=0.0 meV / A^3
2024-03-28 15:28:11.861 INFO: Epoch 226: loss=0.0009, RMSE_E_per_atom=0.8 meV, RMSE_F=3.0 meV / A, RMSE_stress_per_atom=0.0 meV / A^3
2024-03-28 15:29:08.815 INFO: Epoch 228: loss=0.0009, RMSE_E_per_atom=0.8 meV, RMSE_F=3.0 meV / A, RMSE_stress_per_atom=0.0 meV / A^3
2024-03-28 15:30:05.752 INFO: Epoch 230: loss=0.0009, RMSE_E_per_atom=0.7 meV, RMSE_F=3.0 meV / A, RMSE_stress_per_atom=0.0 meV / A^3
2024-03-28 15:31:02.770 INFO: Epoch 232: loss=0.0009, RMSE_E_per_atom=0.6 meV, RMSE_F=3.0 meV / A, RMSE_stress_per_atom=0.0 meV / A^3
2024-03-28 15:31:59.707 INFO: Epoch 234: loss=0.0009, RMSE_E_per_atom=0.6 meV, RMSE_F=3.0 meV / A, RMSE_stress_per_atom=0.0 meV / A^3
2024-03-28 15:32:56.619 INFO: Epoch 236: loss=0.0009, RMSE_E_per_atom=0.8 meV, RMSE_F=3.0 meV / A, RMSE_stress_per_atom=0.0 meV / A^3
2024-03-28 15:33:53.438 INFO: Epoch 238: loss=0.0009, RMSE_E_per_atom=0.7 meV, RMSE_F=3.0 meV / A, RMSE_stress_per_atom=0.0 meV / A^3
2024-03-28 15:34:50.294 INFO: Epoch 240: loss=0.0009, RMSE_E_per_atom=0.7 meV, RMSE_F=3.0 meV / A, RMSE_stress_per_atom=0.0 meV / A^3
2024-03-28 15:35:47.170 INFO: Epoch 242: loss=0.0009, RMSE_E_per_atom=0.7 meV, RMSE_F=3.0 meV / A, RMSE_stress_per_atom=0.0 meV / A^3
2024-03-28 15:36:44.015 INFO: Epoch 244: loss=0.0009, RMSE_E_per_atom=0.9 meV, RMSE_F=3.0 meV / A, RMSE_stress_per_atom=0.0 meV / A^3
2024-03-28 15:37:40.833 INFO: Epoch 246: loss=0.0009, RMSE_E_per_atom=0.7 meV, RMSE_F=3.0 meV / A, RMSE_stress_per_atom=0.0 meV / A^3
2024-03-28 15:38:37.652 INFO: Epoch 248: loss=0.0009, RMSE_E_per_atom=0.7 meV, RMSE_F=3.0 meV / A, RMSE_stress_per_atom=0.0 meV / A^3
2024-03-28 15:39:34.611 INFO: Epoch 250: loss=0.0009, RMSE_E_per_atom=0.8 meV, RMSE_F=3.0 meV / A, RMSE_stress_per_atom=0.0 meV / A^3
2024-03-28 15:40:31.553 INFO: Epoch 252: loss=0.0009, RMSE_E_per_atom=0.7 meV, RMSE_F=3.0 meV / A, RMSE_stress_per_atom=0.0 meV / A^3
2024-03-28 15:41:28.354 INFO: Epoch 254: loss=0.0009, RMSE_E_per_atom=0.6 meV, RMSE_F=3.0 meV / A, RMSE_stress_per_atom=0.0 meV / A^3
2024-03-28 15:42:25.212 INFO: Epoch 256: loss=0.0009, RMSE_E_per_atom=0.7 meV, RMSE_F=3.0 meV / A, RMSE_stress_per_atom=0.0 meV / A^3
2024-03-28 15:43:22.001 INFO: Epoch 258: loss=0.0009, RMSE_E_per_atom=0.8 meV, RMSE_F=3.0 meV / A, RMSE_stress_per_atom=0.0 meV / A^3
2024-03-28 15:44:18.807 INFO: Epoch 260: loss=0.0009, RMSE_E_per_atom=0.7 meV, RMSE_F=2.9 meV / A, RMSE_stress_per_atom=0.0 meV / A^3
2024-03-28 15:45:15.655 INFO: Epoch 262: loss=0.0009, RMSE_E_per_atom=0.6 meV, RMSE_F=2.9 meV / A, RMSE_stress_per_atom=0.0 meV / A^3
2024-03-28 15:46:12.511 INFO: Epoch 264: loss=0.0008, RMSE_E_per_atom=0.6 meV, RMSE_F=2.9 meV / A, RMSE_stress_per_atom=0.0 meV / A^3
2024-03-28 15:47:09.392 INFO: Epoch 266: loss=0.0008, RMSE_E_per_atom=0.6 meV, RMSE_F=2.9 meV / A, RMSE_stress_per_atom=0.0 meV / A^3
2024-03-28 15:48:06.372 INFO: Epoch 268: loss=0.0008, RMSE_E_per_atom=0.7 meV, RMSE_F=2.9 meV / A, RMSE_stress_per_atom=0.0 meV / A^3
2024-03-28 15:49:03.219 INFO: Epoch 270: loss=0.0009, RMSE_E_per_atom=0.7 meV, RMSE_F=2.9 meV / A, RMSE_stress_per_atom=0.0 meV / A^3
2024-03-28 15:50:00.039 INFO: Epoch 272: loss=0.0008, RMSE_E_per_atom=0.6 meV, RMSE_F=2.9 meV / A, RMSE_stress_per_atom=0.0 meV / A^3
2024-03-28 15:50:57.839 INFO: Epoch 274: loss=0.0008, RMSE_E_per_atom=0.6 meV, RMSE_F=2.9 meV / A, RMSE_stress_per_atom=0.0 meV / A^3
2024-03-28 15:51:54.678 INFO: Epoch 276: loss=0.0024, RMSE_E_per_atom=2.7 meV, RMSE_F=4.8 meV / A, RMSE_stress_per_atom=0.0 meV / A^3
2024-03-28 15:52:51.477 INFO: Epoch 278: loss=0.0012, RMSE_E_per_atom=1.1 meV, RMSE_F=3.5 meV / A, RMSE_stress_per_atom=0.0 meV / A^3
2024-03-28 15:53:48.307 INFO: Epoch 280: loss=0.0010, RMSE_E_per_atom=0.8 meV, RMSE_F=3.2 meV / A, RMSE_stress_per_atom=0.0 meV / A^3
2024-03-28 15:54:45.194 INFO: Epoch 282: loss=0.0009, RMSE_E_per_atom=0.7 meV, RMSE_F=3.0 meV / A, RMSE_stress_per_atom=0.0 meV / A^3
2024-03-28 15:55:42.100 INFO: Epoch 284: loss=0.0009, RMSE_E_per_atom=0.6 meV, RMSE_F=3.0 meV / A, RMSE_stress_per_atom=0.0 meV / A^3
2024-03-28 15:56:39.038 INFO: Epoch 286: loss=0.0009, RMSE_E_per_atom=0.5 meV, RMSE_F=3.0 meV / A, RMSE_stress_per_atom=0.0 meV / A^3
2024-03-28 15:57:35.898 INFO: Epoch 288: loss=0.0009, RMSE_E_per_atom=0.5 meV, RMSE_F=2.9 meV / A, RMSE_stress_per_atom=0.0 meV / A^3
2024-03-28 15:58:32.767 INFO: Epoch 290: loss=0.0008, RMSE_E_per_atom=0.6 meV, RMSE_F=2.9 meV / A, RMSE_stress_per_atom=0.0 meV / A^3
2024-03-28 15:59:29.618 INFO: Epoch 292: loss=0.0008, RMSE_E_per_atom=0.5 meV, RMSE_F=2.9 meV / A, RMSE_stress_per_atom=0.0 meV / A^3
2024-03-28 16:00:26.500 INFO: Epoch 294: loss=0.0008, RMSE_E_per_atom=0.5 meV, RMSE_F=2.9 meV / A, RMSE_stress_per_atom=0.0 meV / A^3
2024-03-28 16:01:23.417 INFO: Epoch 296: loss=0.0008, RMSE_E_per_atom=0.6 meV, RMSE_F=2.9 meV / A, RMSE_stress_per_atom=0.0 meV / A^3
2024-03-28 16:02:20.315 INFO: Epoch 298: loss=0.0008, RMSE_E_per_atom=0.6 meV, RMSE_F=2.9 meV / A, RMSE_stress_per_atom=0.0 meV / A^3
2024-03-28 16:03:17.211 INFO: Epoch 300: loss=0.0009, RMSE_E_per_atom=0.7 meV, RMSE_F=2.9 meV / A, RMSE_stress_per_atom=0.0 meV / A^3
2024-03-28 16:04:14.154 INFO: Epoch 302: loss=0.0008, RMSE_E_per_atom=0.6 meV, RMSE_F=2.9 meV / A, RMSE_stress_per_atom=0.0 meV / A^3
2024-03-28 16:05:11.108 INFO: Epoch 304: loss=0.0008, RMSE_E_per_atom=0.6 meV, RMSE_F=2.9 meV / A, RMSE_stress_per_atom=0.0 meV / A^3
2024-03-28 16:06:08.026 INFO: Epoch 306: loss=0.0008, RMSE_E_per_atom=0.5 meV, RMSE_F=2.8 meV / A, RMSE_stress_per_atom=0.0 meV / A^3
2024-03-28 16:07:04.926 INFO: Epoch 308: loss=0.0008, RMSE_E_per_atom=0.6 meV, RMSE_F=2.8 meV / A, RMSE_stress_per_atom=0.0 meV / A^3
2024-03-28 16:08:01.848 INFO: Epoch 310: loss=0.0008, RMSE_E_per_atom=0.6 meV, RMSE_F=2.8 meV / A, RMSE_stress_per_atom=0.0 meV / A^3
2024-03-28 16:08:58.727 INFO: Epoch 312: loss=0.0008, RMSE_E_per_atom=0.6 meV, RMSE_F=2.8 meV / A, RMSE_stress_per_atom=0.0 meV / A^3
2024-03-28 16:09:55.632 INFO: Epoch 314: loss=0.0008, RMSE_E_per_atom=0.6 meV, RMSE_F=2.8 meV / A, RMSE_stress_per_atom=0.0 meV / A^3
2024-03-28 16:10:52.601 INFO: Epoch 316: loss=0.0008, RMSE_E_per_atom=0.6 meV, RMSE_F=2.8 meV / A, RMSE_stress_per_atom=0.0 meV / A^3
2024-03-28 16:11:49.561 INFO: Epoch 318: loss=0.0008, RMSE_E_per_atom=0.6 meV, RMSE_F=2.8 meV / A, RMSE_stress_per_atom=0.0 meV / A^3
2024-03-28 16:12:46.603 INFO: Epoch 320: loss=0.0008, RMSE_E_per_atom=0.5 meV, RMSE_F=2.8 meV / A, RMSE_stress_per_atom=0.0 meV / A^3
2024-03-28 16:13:43.539 INFO: Epoch 322: loss=0.0008, RMSE_E_per_atom=0.6 meV, RMSE_F=2.8 meV / A, RMSE_stress_per_atom=0.0 meV / A^3
2024-03-28 16:14:40.506 INFO: Epoch 324: loss=0.0008, RMSE_E_per_atom=0.6 meV, RMSE_F=2.8 meV / A, RMSE_stress_per_atom=0.0 meV / A^3
2024-03-28 16:15:37.485 INFO: Epoch 326: loss=0.0008, RMSE_E_per_atom=0.6 meV, RMSE_F=2.8 meV / A, RMSE_stress_per_atom=0.0 meV / A^3
2024-03-28 16:16:34.423 INFO: Epoch 328: loss=0.0008, RMSE_E_per_atom=0.5 meV, RMSE_F=2.7 meV / A, RMSE_stress_per_atom=0.0 meV / A^3
2024-03-28 16:17:31.337 INFO: Epoch 330: loss=0.0008, RMSE_E_per_atom=0.6 meV, RMSE_F=2.7 meV / A, RMSE_stress_per_atom=0.0 meV / A^3
2024-03-28 16:18:28.238 INFO: Epoch 332: loss=0.0008, RMSE_E_per_atom=0.6 meV, RMSE_F=2.7 meV / A, RMSE_stress_per_atom=0.0 meV / A^3
2024-03-28 16:19:25.129 INFO: Epoch 334: loss=0.0008, RMSE_E_per_atom=0.6 meV, RMSE_F=2.8 meV / A, RMSE_stress_per_atom=0.0 meV / A^3
2024-03-28 16:20:21.969 INFO: Epoch 336: loss=0.0008, RMSE_E_per_atom=0.6 meV, RMSE_F=2.7 meV / A, RMSE_stress_per_atom=0.0 meV / A^3
2024-03-28 16:21:18.921 INFO: Epoch 338: loss=0.0007, RMSE_E_per_atom=0.5 meV, RMSE_F=2.7 meV / A, RMSE_stress_per_atom=0.0 meV / A^3
2024-03-28 16:22:15.807 INFO: Epoch 340: loss=0.0007, RMSE_E_per_atom=0.5 meV, RMSE_F=2.7 meV / A, RMSE_stress_per_atom=0.0 meV / A^3
2024-03-28 16:23:12.722 INFO: Epoch 342: loss=0.0007, RMSE_E_per_atom=0.5 meV, RMSE_F=2.7 meV / A, RMSE_stress_per_atom=0.0 meV / A^3
2024-03-28 16:24:09.606 INFO: Epoch 344: loss=0.0007, RMSE_E_per_atom=0.5 meV, RMSE_F=2.7 meV / A, RMSE_stress_per_atom=0.0 meV / A^3
2024-03-28 16:25:06.508 INFO: Epoch 346: loss=0.0007, RMSE_E_per_atom=0.5 meV, RMSE_F=2.7 meV / A, RMSE_stress_per_atom=0.0 meV / A^3
2024-03-28 16:26:03.420 INFO: Epoch 348: loss=0.0007, RMSE_E_per_atom=0.6 meV, RMSE_F=2.7 meV / A, RMSE_stress_per_atom=0.0 meV / A^3
2024-03-28 16:27:00.350 INFO: Epoch 350: loss=0.0007, RMSE_E_per_atom=0.6 meV, RMSE_F=2.7 meV / A, RMSE_stress_per_atom=0.0 meV / A^3
2024-03-28 16:27:57.274 INFO: Epoch 352: loss=0.0007, RMSE_E_per_atom=0.6 meV, RMSE_F=2.7 meV / A, RMSE_stress_per_atom=0.0 meV / A^3
2024-03-28 16:28:54.199 INFO: Epoch 354: loss=0.0008, RMSE_E_per_atom=0.8 meV, RMSE_F=2.8 meV / A, RMSE_stress_per_atom=0.0 meV / A^3
2024-03-28 16:29:51.140 INFO: Epoch 356: loss=0.0007, RMSE_E_per_atom=0.6 meV, RMSE_F=2.7 meV / A, RMSE_stress_per_atom=0.0 meV / A^3
2024-03-28 16:30:48.051 INFO: Epoch 358: loss=0.0007, RMSE_E_per_atom=0.5 meV, RMSE_F=2.7 meV / A, RMSE_stress_per_atom=0.0 meV / A^3
2024-03-28 16:31:44.965 INFO: Epoch 360: loss=0.0007, RMSE_E_per_atom=0.6 meV, RMSE_F=2.7 meV / A, RMSE_stress_per_atom=0.0 meV / A^3
2024-03-28 16:32:41.873 INFO: Epoch 362: loss=0.0007, RMSE_E_per_atom=0.5 meV, RMSE_F=2.7 meV / A, RMSE_stress_per_atom=0.0 meV / A^3
2024-03-28 16:33:38.773 INFO: Epoch 364: loss=0.0007, RMSE_E_per_atom=0.5 meV, RMSE_F=2.7 meV / A, RMSE_stress_per_atom=0.0 meV / A^3
2024-03-28 16:34:35.703 INFO: Epoch 366: loss=0.0008, RMSE_E_per_atom=0.8 meV, RMSE_F=2.9 meV / A, RMSE_stress_per_atom=0.0 meV / A^3
2024-03-28 16:35:32.635 INFO: Epoch 368: loss=0.0008, RMSE_E_per_atom=0.5 meV, RMSE_F=2.8 meV / A, RMSE_stress_per_atom=0.0 meV / A^3
2024-03-28 16:36:29.571 INFO: Epoch 370: loss=0.0008, RMSE_E_per_atom=0.5 meV, RMSE_F=2.7 meV / A, RMSE_stress_per_atom=0.0 meV / A^3
2024-03-28 16:37:26.495 INFO: Epoch 372: loss=0.0007, RMSE_E_per_atom=0.5 meV, RMSE_F=2.7 meV / A, RMSE_stress_per_atom=0.0 meV / A^3
2024-03-28 16:38:23.410 INFO: Epoch 374: loss=0.0007, RMSE_E_per_atom=0.5 meV, RMSE_F=2.7 meV / A, RMSE_stress_per_atom=0.0 meV / A^3
2024-03-28 16:39:21.382 INFO: Epoch 376: loss=0.0007, RMSE_E_per_atom=0.5 meV, RMSE_F=2.7 meV / A, RMSE_stress_per_atom=0.0 meV / A^3
2024-03-28 16:40:18.295 INFO: Epoch 378: loss=0.0007, RMSE_E_per_atom=0.5 meV, RMSE_F=2.7 meV / A, RMSE_stress_per_atom=0.0 meV / A^3
2024-03-28 16:41:15.291 INFO: Epoch 380: loss=0.0007, RMSE_E_per_atom=0.5 meV, RMSE_F=2.7 meV / A, RMSE_stress_per_atom=0.0 meV / A^3
2024-03-28 16:42:12.178 INFO: Epoch 382: loss=0.0007, RMSE_E_per_atom=0.5 meV, RMSE_F=2.7 meV / A, RMSE_stress_per_atom=0.0 meV / A^3
2024-03-28 16:43:09.060 INFO: Epoch 384: loss=0.0007, RMSE_E_per_atom=0.5 meV, RMSE_F=2.7 meV / A, RMSE_stress_per_atom=0.0 meV / A^3
2024-03-28 16:44:05.960 INFO: Epoch 386: loss=0.0007, RMSE_E_per_atom=0.5 meV, RMSE_F=2.7 meV / A, RMSE_stress_per_atom=0.0 meV / A^3
2024-03-28 16:45:02.838 INFO: Epoch 388: loss=0.0007, RMSE_E_per_atom=0.5 meV, RMSE_F=2.6 meV / A, RMSE_stress_per_atom=0.0 meV / A^3
2024-03-28 16:45:59.741 INFO: Epoch 390: loss=0.0007, RMSE_E_per_atom=0.6 meV, RMSE_F=2.6 meV / A, RMSE_stress_per_atom=0.0 meV / A^3
2024-03-28 16:46:56.577 INFO: Epoch 392: loss=0.0007, RMSE_E_per_atom=0.5 meV, RMSE_F=2.6 meV / A, RMSE_stress_per_atom=0.0 meV / A^3
2024-03-28 16:47:53.516 INFO: Epoch 394: loss=0.0007, RMSE_E_per_atom=0.6 meV, RMSE_F=2.7 meV / A, RMSE_stress_per_atom=0.0 meV / A^3
2024-03-28 16:48:50.346 INFO: Epoch 396: loss=0.0007, RMSE_E_per_atom=0.6 meV, RMSE_F=2.7 meV / A, RMSE_stress_per_atom=0.0 meV / A^3
2024-03-28 16:49:48.518 INFO: Epoch 398: loss=0.0007, RMSE_E_per_atom=0.5 meV, RMSE_F=2.6 meV / A, RMSE_stress_per_atom=0.0 meV / A^3
2024-03-28 16:50:45.459 INFO: Epoch 400: loss=0.0007, RMSE_E_per_atom=0.5 meV, RMSE_F=2.6 meV / A, RMSE_stress_per_atom=0.0 meV / A^3
2024-03-28 16:51:42.329 INFO: Epoch 402: loss=0.0007, RMSE_E_per_atom=0.5 meV, RMSE_F=2.6 meV / A, RMSE_stress_per_atom=0.0 meV / A^3
2024-03-28 16:52:39.202 INFO: Epoch 404: loss=0.0007, RMSE_E_per_atom=0.5 meV, RMSE_F=2.6 meV / A, RMSE_stress_per_atom=0.0 meV / A^3
2024-03-28 16:53:36.100 INFO: Epoch 406: loss=0.0007, RMSE_E_per_atom=0.5 meV, RMSE_F=2.6 meV / A, RMSE_stress_per_atom=0.0 meV / A^3
2024-03-28 16:54:33.053 INFO: Epoch 408: loss=0.0007, RMSE_E_per_atom=0.6 meV, RMSE_F=2.6 meV / A, RMSE_stress_per_atom=0.0 meV / A^3
2024-03-28 16:55:29.939 INFO: Epoch 410: loss=0.0008, RMSE_E_per_atom=0.9 meV, RMSE_F=2.8 meV / A, RMSE_stress_per_atom=0.0 meV / A^3
2024-03-28 16:56:26.787 INFO: Epoch 412: loss=0.0007, RMSE_E_per_atom=0.6 meV, RMSE_F=2.7 meV / A, RMSE_stress_per_atom=0.0 meV / A^3
2024-03-28 16:57:23.558 INFO: Epoch 414: loss=0.0007, RMSE_E_per_atom=0.5 meV, RMSE_F=2.7 meV / A, RMSE_stress_per_atom=0.0 meV / A^3
2024-03-28 16:58:20.332 INFO: Epoch 416: loss=0.0007, RMSE_E_per_atom=0.5 meV, RMSE_F=2.6 meV / A, RMSE_stress_per_atom=0.0 meV / A^3
2024-03-28 16:59:17.182 INFO: Epoch 418: loss=0.0007, RMSE_E_per_atom=0.5 meV, RMSE_F=2.6 meV / A, RMSE_stress_per_atom=0.0 meV / A^3
2024-03-28 17:00:14.027 INFO: Epoch 420: loss=0.0007, RMSE_E_per_atom=0.5 meV, RMSE_F=2.6 meV / A, RMSE_stress_per_atom=0.0 meV / A^3
2024-03-28 17:01:10.930 INFO: Epoch 422: loss=0.0007, RMSE_E_per_atom=0.5 meV, RMSE_F=2.6 meV / A, RMSE_stress_per_atom=0.0 meV / A^3
2024-03-28 17:02:07.766 INFO: Epoch 424: loss=0.0007, RMSE_E_per_atom=0.5 meV, RMSE_F=2.6 meV / A, RMSE_stress_per_atom=0.0 meV / A^3
2024-03-28 17:03:04.610 INFO: Epoch 426: loss=0.0007, RMSE_E_per_atom=0.5 meV, RMSE_F=2.6 meV / A, RMSE_stress_per_atom=0.0 meV / A^3
2024-03-28 17:04:01.468 INFO: Epoch 428: loss=0.0007, RMSE_E_per_atom=0.4 meV, RMSE_F=2.6 meV / A, RMSE_stress_per_atom=0.0 meV / A^3
2024-03-28 17:04:58.332 INFO: Epoch 430: loss=0.0007, RMSE_E_per_atom=0.5 meV, RMSE_F=2.6 meV / A, RMSE_stress_per_atom=0.0 meV / A^3
2024-03-28 17:05:55.290 INFO: Epoch 432: loss=0.0007, RMSE_E_per_atom=0.7 meV, RMSE_F=2.6 meV / A, RMSE_stress_per_atom=0.0 meV / A^3
2024-03-28 17:06:52.264 INFO: Epoch 434: loss=0.0007, RMSE_E_per_atom=0.5 meV, RMSE_F=2.6 meV / A, RMSE_stress_per_atom=0.0 meV / A^3
2024-03-28 17:07:49.094 INFO: Epoch 436: loss=0.0007, RMSE_E_per_atom=0.5 meV, RMSE_F=2.6 meV / A, RMSE_stress_per_atom=0.0 meV / A^3
2024-03-28 17:08:45.999 INFO: Epoch 438: loss=0.0007, RMSE_E_per_atom=0.5 meV, RMSE_F=2.6 meV / A, RMSE_stress_per_atom=0.0 meV / A^3
2024-03-28 17:09:42.912 INFO: Epoch 440: loss=0.0007, RMSE_E_per_atom=0.5 meV, RMSE_F=2.6 meV / A, RMSE_stress_per_atom=0.0 meV / A^3
2024-03-28 17:10:39.779 INFO: Epoch 442: loss=0.0007, RMSE_E_per_atom=0.5 meV, RMSE_F=2.6 meV / A, RMSE_stress_per_atom=0.0 meV / A^3
2024-03-28 17:11:36.755 INFO: Epoch 444: loss=0.0007, RMSE_E_per_atom=0.5 meV, RMSE_F=2.6 meV / A, RMSE_stress_per_atom=0.0 meV / A^3
2024-03-28 17:12:33.656 INFO: Epoch 446: loss=0.0007, RMSE_E_per_atom=0.7 meV, RMSE_F=2.6 meV / A, RMSE_stress_per_atom=0.0 meV / A^3
2024-03-28 17:13:30.531 INFO: Epoch 448: loss=0.0007, RMSE_E_per_atom=0.6 meV, RMSE_F=2.6 meV / A, RMSE_stress_per_atom=0.0 meV / A^3
2024-03-28 17:14:27.412 INFO: Epoch 450: loss=0.0007, RMSE_E_per_atom=0.5 meV, RMSE_F=2.6 meV / A, RMSE_stress_per_atom=0.0 meV / A^3
2024-03-28 17:15:24.317 INFO: Epoch 452: loss=0.0007, RMSE_E_per_atom=0.5 meV, RMSE_F=2.6 meV / A, RMSE_stress_per_atom=0.0 meV / A^3
2024-03-28 17:16:21.156 INFO: Epoch 454: loss=0.0007, RMSE_E_per_atom=0.6 meV, RMSE_F=2.6 meV / A, RMSE_stress_per_atom=0.0 meV / A^3
2024-03-28 17:17:17.983 INFO: Epoch 456: loss=0.0007, RMSE_E_per_atom=0.5 meV, RMSE_F=2.6 meV / A, RMSE_stress_per_atom=0.0 meV / A^3
2024-03-28 17:18:14.770 INFO: Epoch 458: loss=0.0007, RMSE_E_per_atom=0.5 meV, RMSE_F=2.6 meV / A, RMSE_stress_per_atom=0.0 meV / A^3
2024-03-28 17:19:11.591 INFO: Epoch 460: loss=0.0007, RMSE_E_per_atom=0.5 meV, RMSE_F=2.6 meV / A, RMSE_stress_per_atom=0.0 meV / A^3
2024-03-28 17:20:08.493 INFO: Epoch 462: loss=0.0006, RMSE_E_per_atom=0.5 meV, RMSE_F=2.5 meV / A, RMSE_stress_per_atom=0.0 meV / A^3
2024-03-28 17:21:05.309 INFO: Epoch 464: loss=0.0007, RMSE_E_per_atom=0.5 meV, RMSE_F=2.5 meV / A, RMSE_stress_per_atom=0.0 meV / A^3
2024-03-28 17:22:02.206 INFO: Epoch 466: loss=0.0007, RMSE_E_per_atom=0.8 meV, RMSE_F=2.6 meV / A, RMSE_stress_per_atom=0.0 meV / A^3
2024-03-28 17:22:58.976 INFO: Epoch 468: loss=0.0007, RMSE_E_per_atom=0.5 meV, RMSE_F=2.6 meV / A, RMSE_stress_per_atom=0.0 meV / A^3
2024-03-28 17:23:55.748 INFO: Epoch 470: loss=0.0007, RMSE_E_per_atom=0.5 meV, RMSE_F=2.6 meV / A, RMSE_stress_per_atom=0.0 meV / A^3
2024-03-28 17:24:52.563 INFO: Epoch 472: loss=0.0006, RMSE_E_per_atom=0.5 meV, RMSE_F=2.5 meV / A, RMSE_stress_per_atom=0.0 meV / A^3
2024-03-28 17:25:49.461 INFO: Epoch 474: loss=0.0006, RMSE_E_per_atom=0.5 meV, RMSE_F=2.5 meV / A, RMSE_stress_per_atom=0.0 meV / A^3
2024-03-28 17:26:46.286 INFO: Epoch 476: loss=0.0006, RMSE_E_per_atom=0.5 meV, RMSE_F=2.5 meV / A, RMSE_stress_per_atom=0.0 meV / A^3
2024-03-28 17:27:43.116 INFO: Epoch 478: loss=0.0007, RMSE_E_per_atom=0.6 meV, RMSE_F=2.6 meV / A, RMSE_stress_per_atom=0.0 meV / A^3
2024-03-28 17:28:39.957 INFO: Epoch 480: loss=0.0007, RMSE_E_per_atom=0.8 meV, RMSE_F=2.7 meV / A, RMSE_stress_per_atom=0.0 meV / A^3
2024-03-28 17:29:36.895 INFO: Epoch 482: loss=0.0007, RMSE_E_per_atom=0.5 meV, RMSE_F=2.6 meV / A, RMSE_stress_per_atom=0.0 meV / A^3
2024-03-28 17:30:33.807 INFO: Epoch 484: loss=0.0007, RMSE_E_per_atom=0.5 meV, RMSE_F=2.6 meV / A, RMSE_stress_per_atom=0.0 meV / A^3
2024-03-28 17:31:30.714 INFO: Epoch 486: loss=0.0007, RMSE_E_per_atom=0.4 meV, RMSE_F=2.6 meV / A, RMSE_stress_per_atom=0.0 meV / A^3
2024-03-28 17:32:27.628 INFO: Epoch 488: loss=0.0006, RMSE_E_per_atom=0.5 meV, RMSE_F=2.5 meV / A, RMSE_stress_per_atom=0.0 meV / A^3
2024-03-28 17:33:24.520 INFO: Epoch 490: loss=0.0006, RMSE_E_per_atom=0.5 meV, RMSE_F=2.5 meV / A, RMSE_stress_per_atom=0.0 meV / A^3
2024-03-28 17:34:21.321 INFO: Epoch 492: loss=0.0006, RMSE_E_per_atom=0.5 meV, RMSE_F=2.5 meV / A, RMSE_stress_per_atom=0.0 meV / A^3
2024-03-28 17:35:18.212 INFO: Epoch 494: loss=0.0006, RMSE_E_per_atom=0.5 meV, RMSE_F=2.5 meV / A, RMSE_stress_per_atom=0.0 meV / A^3
2024-03-28 17:36:16.929 INFO: Epoch 496: loss=0.0006, RMSE_E_per_atom=0.5 meV, RMSE_F=2.5 meV / A, RMSE_stress_per_atom=0.0 meV / A^3
2024-03-28 17:37:13.783 INFO: Epoch 498: loss=0.0007, RMSE_E_per_atom=0.8 meV, RMSE_F=2.7 meV / A, RMSE_stress_per_atom=0.0 meV / A^3
2024-03-28 17:37:41.862 INFO: Training complete
2024-03-28 17:37:41.863 INFO: Computing metrics for training, validation, and test sets
2024-03-28 17:37:41.863 INFO: Loading checkpoint: checkpoints/MoWSSe_MACE_201_run-123_epoch-496.pt
2024-03-28 17:37:41.906 INFO: Loaded model from epoch 496
2024-03-28 17:37:43.050 INFO: Evaluating train ...
2024-03-28 17:37:55.559 INFO: Evaluating valid ...
2024-03-28 17:37:57.500 INFO: Evaluating Default ...
2024-03-28 17:38:10.067 INFO: 
+-------------+---------------------+------------------+-------------------+---------------------------------------+
| config_type | RMSE E / meV / atom | RMSE F / meV / A | relative F RMSE % | RMSE Stress (Virials) / meV / A (A^3) |
+-------------+---------------------+------------------+-------------------+---------------------------------------+
|    train    |         0.5         |       2.5        |        0.37       |                  0.2                  |
|    valid    |         0.5         |       2.5        |        0.36       |                  0.2                  |
|   Default   |         0.5         |       2.5        |        0.37       |                  0.2                  |
+-------------+---------------------+------------------+-------------------+---------------------------------------+
2024-03-28 17:38:10.067 INFO: Saving model to checkpoints/MoWSSe_MACE_201_run-123.model
2024-03-28 17:38:10.168 INFO: Done
